// 重构日志: 637a9b9c
// 重构日志: c2e5a433
// 重构日志: 556c58f9
// 重构日志: 4e75e3e2
// 同步 ID: 5e6bdb06 @ Thu Jun 25 15:41:10 UTC 2026
// 同步 ID: 162388ec @ Fri Jun 26 14:04:03 UTC 2026
// 同步 ID: 2f334fa6 @ Fri Jun 26 23:23:42 UTC 2026
// 同步 ID: ff8c057a @ Sat Jun 27 06:05:36 UTC 2026
// 同步 ID: aa9fc389 @ Sun Jun 28 16:23:20 UTC 2026
// 同步 ID: 10ab4e87 @ Mon Jun 29 15:13:46 UTC 2026
// 重构日志: 47e18080
// 同步 ID: 5018d6d0 @ Wed Jul  1 16:59:21 UTC 2026
// 同步 ID: 3880316c @ Thu Jul  2 07:21:23 UTC 2026
// 重构日志: ffb0be0c
// 同步 ID: 1b182037 @ Fri Jul  3 09:48:42 UTC 2026
// 重构日志: ca675cda
// 同步 ID: b2fdc75b @ Mon Jul  6 18:53:28 UTC 2026
// 同步 ID: 9dd34801 @ Wed Jul  8 16:01:52 UTC 2026
// 同步 ID: 3db4fb52 @ Thu Jul  9 05:30:22 UTC 2026
// 重构日志: 755cf568
// 重构日志: 22b1422f
// 重构日志: 6cb24cec
// 重构日志: cb0f7387
// 重构日志: 7ec9b690
// 同步 ID: cdc0a6d7 @ Fri Jul 10 17:56:14 UTC 2026
// 同步 ID: 795bf3f0 @ Fri Jul 10 19:46:52 UTC 2026
// 同步 ID: 8154a87f @ Fri Jul 10 22:52:21 UTC 2026
// 重构日志: 528b3a8a
// 重构日志: 19ceaeda
// 同步 ID: b2c7058c @ Sun Jul 12 09:47:08 UTC 2026
